<?xml version="1.0" encoding="UTF-8"?>
<testsuite name="mapcreation.MapTest" tests="7" skipped="0" failures="0" errors="0" timestamp="2025-12-29T20:07:53" hostname="Ziad" time="0.026">
  <properties/>
  <testcase name="SetAndGetMainroadsTest" classname="mapcreation.MapTest" time="0.009"/>
  <testcase name="GetCoordinatesFromDirectionTest" classname="mapcreation.MapTest" time="0.0"/>
  <testcase name="CellExistanceTest" classname="mapcreation.MapTest" time="0.007"/>
  <testcase name="getWidthTest" classname="mapcreation.MapTest" time="0.001"/>
  <testcase name="ResetMapNoiseLevelTest" classname="mapcreation.MapTest" time="0.0"/>
  <testcase name="SetAndGetCellTest" classname="mapcreation.MapTest" time="0.007"/>
  <testcase name="GetHeightTest" classname="mapcreation.MapTest" time="0.0"/>
  <system-out><![CDATA[]]></system-out>
  <system-err><![CDATA[]]></system-err>
</testsuite>
