<?xml version="1.0" encoding="UTF-8"?>
<testsuite name="mapcreation.MapGeneratorTest" tests="5" skipped="0" failures="0" errors="0" timestamp="2025-12-29T20:07:53" hostname="Ziad" time="0.024">
  <properties/>
  <testcase name="testAddStreetX" classname="mapcreation.MapGeneratorTest" time="0.02"/>
  <testcase name="testAddStreetY" classname="mapcreation.MapGeneratorTest" time="0.001"/>
  <testcase name="testCanBeSplitX" classname="mapcreation.MapGeneratorTest" time="0.0"/>
  <testcase name="testCanBeSplitY" classname="mapcreation.MapGeneratorTest" time="0.001"/>
  <testcase name="testMapGenerator" classname="mapcreation.MapGeneratorTest" time="0.002"/>
  <system-out><![CDATA[]]></system-out>
  <system-err><![CDATA[]]></system-err>
</testsuite>
