<?xml version="1.0" encoding="UTF-8"?>
<testsuite name="structure.DoorTest" tests="4" skipped="0" failures="0" errors="0" timestamp="2025-12-29T20:07:53" hostname="Ziad" time="0.001">
  <properties/>
  <testcase name="DoorIsNotAtBorderTest" classname="structure.DoorTest" time="0.0"/>
  <testcase name="DoorIsAtBorderTest" classname="structure.DoorTest" time="0.0"/>
  <testcase name="DoorIsClosedTest" classname="structure.DoorTest" time="0.0"/>
  <testcase name="DoorIsOpenTest" classname="structure.DoorTest" time="0.0"/>
  <system-out><![CDATA[]]></system-out>
  <system-err><![CDATA[]]></system-err>
</testsuite>
